2017-10-19 20:52:09 handlers.go-test *LOG* Closing log now
2017-10-19 21:00:22 handlers.go-test *LOG* Closing log now
2017-10-19 21:01:55 handlers.go-test *LOG* Closing log now
2017-10-19 21:03:06 handlers.go-test *LOG* Closing log now
2017-10-19 21:03:33 handlers.go-test *LOG* Closing log now
2017-10-19 21:03:44 handlers.go-test *LOG* Closing log now
2017-10-19 21:03:44 handlers.go-test *LOG* Closing log now
2017-10-19 21:03:44 handlers.go-test *LOG* Closing log now
2017-10-19 21:03:44 handlers.go-test *LOG* Closing log now
2017-10-19 21:03:45 handlers.go-test *LOG* Closing log now
2017-10-19 21:03:45 handlers.go-test *LOG* Closing log now
2017-10-19 21:03:45 handlers.go-test *LOG* Closing log now
2017-10-19 21:04:10 handlers.go-test *LOG* Closing log now
2017-10-19 21:06:22 handlers.go-test *LOG* Closing log now
2017-10-19 21:07:45 handlers.go-test *LOG* Closing log now
2017-10-19 21:07:46 handlers.go-test *LOG* Closing log now
2017-10-19 21:07:53 handlers.go-test *LOG* Closing log now
2017-10-19 21:07:55 handlers.go-test *LOG* Closing log now
2017-10-19 21:07:55 handlers.go-test *LOG* Closing log now
2017-10-19 21:07:55 handlers.go-test *LOG* Closing log now
2017-10-19 21:07:56 handlers.go-test *LOG* Closing log now
2017-10-19 21:07:56 handlers.go-test *LOG* Closing log now
2017-10-19 21:09:21 handlers.go-test *LOG* Closing log now
2017-10-19 21:09:22 handlers.go-test *LOG* Closing log now
2017-10-19 21:09:23 handlers.go-test *LOG* Closing log now
2017-10-19 21:09:23 handlers.go-test *LOG* Closing log now
2017-10-19 21:09:23 handlers.go-test *LOG* Closing log now
2017-10-19 21:09:23 handlers.go-test *LOG* Closing log now
2017-10-19 21:11:27 handlers.go-test *LOG* Closing log now
2017-10-19 21:11:27 handlers.go-test *LOG* Closing log now
2017-10-19 21:11:27 handlers.go-test *LOG* Closing log now
2017-10-19 21:11:28 handlers.go-test *LOG* Closing log now
2017-10-19 21:11:28 handlers.go-test *LOG* Closing log now
2017-10-19 21:11:28 handlers.go-test *LOG* Closing log now
2017-10-19 21:11:28 handlers.go-test *LOG* Closing log now
2017-10-20 18:32:10 handlers.go-test *LOG* Closing log now
2017-10-20 18:38:35 handlers.go-test *LOG* Closing log now
2017-10-20 18:43:10 handlers.go-test *LOG* Closing log now
2017-10-20 18:46:49 handlers.go-test *LOG* Closing log now
2017-10-20 18:52:25 handlers.go-test *LOG* Closing log now
2017-10-20 18:55:45 handlers.go-test INFO  Inserted:
%!(EXTRA []main.Rec=[{{{14 true}} 23 1 56 10 23 {{0 true}} 06.4 {{ false}} 426 830 2017-09-15 00:00:00 +0000 UTC 3} {{{0 false}} 17 1 142 10 23 {{9 true}} 06.4 {{gamykla true}} 426 830 2017-09-15 00:00:00 +0000 UTC 1} {{{456 true}} 01 1 333 5 23 {{0 true}} 06.4 {{ false}} 422 831 2017-09-08 00:00:00 +0000 UTC 2}])
2017-10-20 18:55:45 handlers.go-test *LOG* Closing log now
2017-10-20 19:27:49 handlers.go-test INFO  Inserted:
%!(EXTRA []main.Rec=[{{{14 true}} 23 1 56 10 23 {{0 true}} 06.4 {{ false}} 426 830 2017-09-15 00:00:00 +0000 UTC 3} {{{0 false}} 17 1 142 10 23 {{9 true}} 06.4 {{gamykla true}} 426 830 2017-09-15 00:00:00 +0000 UTC 1} {{{456 true}} 01 1 333 5 23 {{0 true}} 06.4 {{ false}} 422 831 2017-09-08 00:00:00 +0000 UTC 2}])
2017-10-20 19:27:49 handlers.go-test *LOG* Closing log now
2017-10-20 19:32:07 handlers.go-test INFO  Inserted:
%!(EXTRA []main.Rec=[{{{14 true}} 23 1 56 10 23 {{0 true}} 06.4 {{ false}} 426 830 2017-09-15 00:00:00 +0000 UTC 3} {{{0 false}} 17 1 142 10 23 {{9 true}} 06.4 {{gamykla true}} 426 830 2017-09-15 00:00:00 +0000 UTC 1} {{{456 true}} 01 1 333 5 23 {{0 true}} 06.4 {{ false}} 422 831 2017-09-08 00:00:00 +0000 UTC 2}])
2017-10-20 19:32:07 handlers.go-test *LOG* Closing log now
2017-10-20 19:40:11 handlers.go-test INFO  Inserted:
%!(EXTRA []main.Rec=[{{{14 true}} 23 1 56 10 23 {{0 true}} 06.4 {{ false}} 426 830 2017-09-15 00:00:00 +0000 UTC 3} {{{0 false}} 17 1 142 10 23 {{9 true}} 06.4 {{gamykla true}} 426 830 2017-09-15 00:00:00 +0000 UTC 1} {{{456 true}} 01 1 333 5 23 {{0 true}} 06.4 {{ false}} 422 831 2017-09-08 00:00:00 +0000 UTC 2}])
2017-10-20 19:40:11 handlers.go-test *LOG* Closing log now
2017-10-20 19:41:18 handlers.go-test INFO  Inserted:
%!(EXTRA []main.Rec=[{{{14 true}} 23 1 56 10 23 {{0 true}} 06.4 {{ false}} 426 830 2017-09-15 00:00:00 +0000 UTC 3} {{{0 false}} 17 1 142 10 23 {{9 true}} 06.4 {{gamykla true}} 426 830 2017-09-15 00:00:00 +0000 UTC 1} {{{456 true}} 01 1 333 5 23 {{0 true}} 06.4 {{ false}} 422 831 2017-09-08 00:00:00 +0000 UTC 2}])
2017-10-20 19:41:18 handlers.go-test *LOG* Closing log now
2017-10-20 19:45:48 handlers.go-test INFO  Inserted:
%!(EXTRA []main.Rec=[{{{14 true}} 23 1 56 10 23 {{0 true}} 06.4 {{ false}} 426 830 2017-09-15 00:00:00 +0000 UTC 3} {{{0 false}} 17 1 142 10 23 {{9 true}} 06.4 {{gamykla true}} 426 830 2017-09-15 00:00:00 +0000 UTC 1} {{{456 true}} 01 1 333 5 23 {{0 true}} 06.4 {{ false}} 422 831 2017-09-08 00:00:00 +0000 UTC 2}])
2017-10-20 19:45:48 handlers.go-test *LOG* Closing log now
2017-10-20 19:46:35 handlers.go-test INFO  Inserted:
%!(EXTRA []main.Rec=[{{{14 true}} 23 1 56 10 23 {{0 true}} 06.4 {{ false}} 426 830 2017-09-15 00:00:00 +0000 UTC 3} {{{0 false}} 17 1 142 10 23 {{9 true}} 06.4 {{gamykla true}} 426 830 2017-09-15 00:00:00 +0000 UTC 1} {{{456 true}} 01 1 333 5 23 {{0 true}} 06.4 {{ false}} 422 831 2017-09-08 00:00:00 +0000 UTC 2}])
2017-10-20 19:46:35 handlers.go-test *LOG* Closing log now
2017-10-20 19:52:29 handlers.go-test INFO  Inserted:
%!(EXTRA []main.Rec=[{{{14 true}} 23 1 56 10 23 {{0 true}} 06.4 {{ false}} 426 830 2017-09-15 00:00:00 +0000 UTC 3} {{{0 false}} 17 1 142 10 23 {{9 true}} 06.4 {{gamykla true}} 426 830 2017-09-15 00:00:00 +0000 UTC 1} {{{456 true}} 01 1 333 5 23 {{0 true}} 06.4 {{ false}} 422 831 2017-09-08 00:00:00 +0000 UTC 2}])
2017-10-20 19:52:29 handlers.go-test *LOG* Closing log now
2017-10-20 19:52:47 handlers.go-test INFO  Inserted:
%!(EXTRA []main.Rec=[{{{14 true}} 23 1 56 10 23 {{0 true}} 06.4 {{ false}} 426 830 2017-09-15 00:00:00 +0000 UTC 3} {{{0 false}} 17 1 142 10 23 {{9 true}} 06.4 {{gamykla true}} 426 830 2017-09-15 00:00:00 +0000 UTC 1} {{{456 true}} 01 1 333 5 23 {{0 true}} 06.4 {{ false}} 422 831 2017-09-08 00:00:00 +0000 UTC 2}])
2017-10-20 19:52:47 handlers.go-test *LOG* Closing log now
2017-10-20 19:54:18 handlers.go-test INFO  Inserted:
%!(EXTRA []main.Rec=[{{{14 true}} 23 1 56 10 23 {{0 true}} 06.4 {{ false}} 426 830 2017-09-15 00:00:00 +0000 UTC 3} {{{0 false}} 17 1 142 10 23 {{9 true}} 06.4 {{gamykla true}} 426 830 2017-09-15 00:00:00 +0000 UTC 1} {{{456 true}} 01 1 333 5 23 {{0 true}} 06.4 {{ false}} 422 831 2017-09-08 00:00:00 +0000 UTC 2}])
2017-10-20 19:54:18 handlers.go-test *LOG* Closing log now
2017-10-20 19:56:41 handlers.go-test INFO  Inserted:
%!(EXTRA []main.Rec=[{{{14 true}} 23 1 56 10 23 {{0 true}} 06.4 {{ false}} 426 830 2017-09-15 00:00:00 +0000 UTC 3} {{{0 false}} 17 1 142 10 23 {{9 true}} 06.4 {{gamykla true}} 426 830 2017-09-15 00:00:00 +0000 UTC 1} {{{456 true}} 01 1 333 5 23 {{0 true}} 06.4 {{ false}} 422 831 2017-09-08 00:00:00 +0000 UTC 2}])
2017-10-20 19:56:41 handlers.go-test *LOG* Closing log now
2017-10-21 20:18:30 handlers.go-test INFO  Inserted:
%!(EXTRA []main.Rec=[{{{14 true}} 23 1 56 10 23 {{0 true}} 06.4 {{ false}} 426 830 2017-09-15 00:00:00 +0000 UTC 3} {{{0 false}} 17 1 142 10 23 {{9 true}} 06.4 {{gamykla true}} 426 830 2017-09-15 00:00:00 +0000 UTC 1} {{{456 true}} 01 1 333 5 23 {{0 true}} 06.4 {{ false}} 422 831 2017-09-08 00:00:00 +0000 UTC 2}])
2017-10-21 20:18:30 handlers.go-test *LOG* Closing log now
2017-10-21 20:44:57 handlers.go-test INFO  Inserted:
%!(EXTRA []main.Rec=[{{{14 true}} 23 1 56 10 23 {{0 true}} 06.4 {{ false}} 426 830 2017-09-15 00:00:00 +0000 UTC 3} {{{0 false}} 17 1 142 10 23 {{9 true}} 06.4 {{gamykla true}} 426 830 2017-09-15 00:00:00 +0000 UTC 1} {{{456 true}} 01 1 333 5 23 {{0 true}} 06.4 {{ false}} 422 831 2017-09-08 00:00:00 +0000 UTC 2}])
2017-10-21 20:44:57 handlers.go-test *LOG* Closing log now
2017-10-21 21:29:08 handlers.go-test INFO  Inserted:
%!(EXTRA []main.Rec=[{{{14 true}} 23 1 56 10 23 {{0 true}} 06.4 {{ false}} 426 830 2017-09-15 00:00:00 +0000 UTC 3} {{{0 false}} 17 1 142 10 23 {{9 true}} 06.4 {{gamykla true}} 426 830 2017-09-15 00:00:00 +0000 UTC 1} {{{456 true}} 01 1 333 5 23 {{0 true}} 06.4 {{ false}} 422 831 2017-09-08 00:00:00 +0000 UTC 2}])
2017-10-21 21:29:08 handlers.go-test *LOG* Closing log now
2017-10-21 21:29:14 handlers.go-test INFO  Inserted:
%!(EXTRA []main.Rec=[{{{14 true}} 23 1 56 10 23 {{0 true}} 06.4 {{ false}} 426 830 2017-09-15 00:00:00 +0000 UTC 3} {{{0 false}} 17 1 142 10 23 {{9 true}} 06.4 {{gamykla true}} 426 830 2017-09-15 00:00:00 +0000 UTC 1} {{{456 true}} 01 1 333 5 23 {{0 true}} 06.4 {{ false}} 422 831 2017-09-08 00:00:00 +0000 UTC 2}])
2017-10-21 21:29:14 handlers.go-test *LOG* Closing log now
2017-10-21 21:29:20 handlers.go-test INFO  Inserted:
%!(EXTRA []main.Rec=[{{{14 true}} 23 1 56 10 23 {{0 true}} 06.4 {{ false}} 426 830 2017-09-15 00:00:00 +0000 UTC 3} {{{0 false}} 17 1 142 10 23 {{9 true}} 06.4 {{gamykla true}} 426 830 2017-09-15 00:00:00 +0000 UTC 1} {{{456 true}} 01 1 333 5 23 {{0 true}} 06.4 {{ false}} 422 831 2017-09-08 00:00:00 +0000 UTC 2}])
2017-10-21 21:29:20 handlers.go-test *LOG* Closing log now
2017-10-21 21:29:31 handlers.go-test INFO  Inserted:
%!(EXTRA []main.Rec=[{{{14 true}} 23 1 56 10 23 {{0 true}} 06.4 {{ false}} 426 830 2017-09-15 00:00:00 +0000 UTC 3} {{{0 false}} 17 1 142 10 23 {{9 true}} 06.4 {{gamykla true}} 426 830 2017-09-15 00:00:00 +0000 UTC 1} {{{456 true}} 01 1 333 5 23 {{0 true}} 06.4 {{ false}} 422 831 2017-09-08 00:00:00 +0000 UTC 2}])
2017-10-21 21:29:31 handlers.go-test *LOG* Closing log now
2017-10-21 21:30:44 handlers.go-test INFO  Inserted:
%!(EXTRA []main.Rec=[{{{14 true}} 23 1 56 10 23 {{0 true}} 06.4 {{ false}} 426 830 2017-09-15 00:00:00 +0000 UTC 3} {{{0 false}} 17 1 142 10 23 {{9 true}} 06.4 {{gamykla true}} 426 830 2017-09-15 00:00:00 +0000 UTC 1} {{{456 true}} 01 1 333 5 23 {{0 true}} 06.4 {{ false}} 422 831 2017-09-08 00:00:00 +0000 UTC 2}])
2017-10-21 21:30:44 handlers.go-test *LOG* Closing log now
2017-10-21 21:41:50 handlers.go-test INFO  Inserted:
%!(EXTRA []main.Rec=[{{{14 true}} 23 1 56 10 23 {{0 true}} 06.4 {{ false}} 426 830 2017-09-15 00:00:00 +0000 UTC 3} {{{0 false}} 17 1 142 10 23 {{9 true}} 06.4 {{gamykla true}} 426 830 2017-09-15 00:00:00 +0000 UTC 1} {{{456 true}} 01 1 333 5 23 {{0 true}} 06.4 {{ false}} 422 831 2017-09-08 00:00:00 +0000 UTC 2}])
2017-10-21 21:41:50 handlers.go-test *LOG* Closing log now
2017-10-21 21:41:59 handlers.go-test INFO  Inserted:
%!(EXTRA []main.Rec=[{{{14 true}} 23 1 56 10 23 {{0 true}} 06.4 {{ false}} 426 830 2017-09-15 00:00:00 +0000 UTC 3} {{{0 false}} 17 1 142 10 23 {{9 true}} 06.4 {{gamykla true}} 426 830 2017-09-15 00:00:00 +0000 UTC 1} {{{456 true}} 01 1 333 5 23 {{0 true}} 06.4 {{ false}} 422 831 2017-09-08 00:00:00 +0000 UTC 2}])
2017-10-21 21:41:59 handlers.go-test *LOG* Closing log now
2017-10-21 21:43:25 handlers.go-test INFO  Inserted:
%!(EXTRA []main.Rec=[])
2017-10-21 21:43:25 handlers.go-test *LOG* Closing log now
2017-10-21 21:43:25 handlers.go-test INFO  Inserted:
%!(EXTRA []main.Rec=[{{{14 true}} 23 1 56 10 23 {{0 true}} 06.4 {{ false}} 426 830 2017-09-15 00:00:00 +0000 UTC 3} {{{0 false}} 17 1 142 10 23 {{9 true}} 06.4 {{gamykla true}} 426 830 2017-09-15 00:00:00 +0000 UTC 1} {{{456 true}} 01 1 333 5 23 {{0 true}} 06.4 {{ false}} 422 831 2017-09-08 00:00:00 +0000 UTC 2}])
2017-10-21 21:43:25 handlers.go-test *LOG* Closing log now
2017-10-21 21:48:23 handlers.go-test INFO  Inserted:
%!(EXTRA []main.Rec=[{{{14 true}} 23 1 56 10 23 {{0 true}} 06.4 {{ false}} 426 830 2017-09-15 00:00:00 +0000 UTC 3} {{{0 false}} 17 1 142 10 23 {{9 true}} 06.4 {{gamykla true}} 426 830 2017-09-15 00:00:00 +0000 UTC 1} {{{456 true}} 01 1 333 5 23 {{0 true}} 06.4 {{ false}} 422 831 2017-09-08 00:00:00 +0000 UTC 2}])
2017-10-21 21:48:23 handlers.go-test *LOG* Closing log now
2017-10-21 21:49:00 handlers.go-test INFO  Inserted:
%!(EXTRA []main.Rec=[])
2017-10-21 21:49:00 handlers.go-test *LOG* Closing log now
2017-10-21 21:49:00 handlers.go-test INFO  Inserted:
%!(EXTRA []main.Rec=[{{{14 true}} 23 1 56 10 23 {{0 true}} 06.4 {{ false}} 426 830 2017-09-15 00:00:00 +0000 UTC 3} {{{0 false}} 17 1 142 10 23 {{9 true}} 06.4 {{gamykla true}} 426 831 2017-09-15 00:00:00 +0000 UTC 1} {{{456 true}} 01 1 333 5 23 {{0 true}} 06.4 {{ false}} 422 831 2017-09-08 00:00:00 +0000 UTC 2}])
2017-10-21 21:49:00 handlers.go-test *LOG* Closing log now
2017-10-28 06:57:00 handlers.go-test INFO  handlers.receive - before fetching
2017-10-28 06:57:00 handlers.go-test FATAL Failed fetch%!(EXTRA *errors.errorString=sql: expected 16 destination arguments in Scan, not 13)
2017-10-28 06:57:00 handlers.go-test *LOG* Closing log now
2017-10-28 07:01:34 handlers.go-test INFO  handlers.receive - before fetching
2017-10-28 07:01:34 handlers.go-test FATAL Failed fetch%!(EXTRA *errors.errorString=sql: Scan error on column index 11: unsupported Scan, storing driver.Value type time.Time into type *main.Time)
2017-10-28 07:01:34 handlers.go-test *LOG* Closing log now
2017-10-28 07:04:16 handlers.go-test INFO  handlers.receive - before fetching
2017-10-28 07:04:16 handlers.go-test FATAL Failed fetch%!(EXTRA *errors.errorString=sql: Scan error on column index 11: unsupported Scan, storing driver.Value type time.Time into type *main.Time)
2017-10-28 07:04:16 handlers.go-test *LOG* Closing log now
2017-10-28 07:25:12 handlers.go-test INFO  handlers.receive - before fetching
2017-10-28 07:25:12 handlers.go-test INFO  handlers.receive - between fetching and writing response
2017-10-28 07:25:12 handlers.go-test INFO  handlers.receive - between writing response and updating db
2017-10-28 07:25:12 handlers.go-test *LOG* Closing log now
